# JRE version: OpenJDK Runtime Environment Temurin-21.0.7+6 (21.0.7+6) (build 21.0.7+6-LTS)
# Java VM: OpenJDK 64-Bit Server VM Temurin-21.0.7+6 (21.0.7+6-LTS, mixed mode, sharing, tiered, compressed oops, compressed class ptrs, g1 gc, windows-amd64)
GC Precious Log:
 CardTable entry size: 512
 Card Set container configuration: InlinePtr #cards 5 size 8 Array Of Cards #cards 12 size 40 Howl #buckets 4 coarsen threshold 1843 Howl Bitmap #cards 512 size 80 coarsen threshold 460 Card regions per heap region 1 cards per card region 2048
 CPUs: 4 total, 4 available
 Memory: 8108M
 Large Page Support: Disabled
 NUMA Support: Disabled
 Compressed Oops: Enabled (32-bit)
 Heap Region Size: 1M
 Heap Min Capacity: 8M
 Heap Initial Capacity: 128M
 Heap Max Capacity: 2028M
 Pre-touch: Disabled
 Parallel Workers: 4
 Concurrent Workers: 1
 Concurrent Refinement Workers: 4
 Periodic GC: Disabled
Heap:
 garbage-first heap   total 89088K, used 69743K [0x0000000081400000, 0x0000000100000000)
  region size 1024K, 20 young (20480K), 1 survivors (1024K)
 Metaspace       used 92843K, committed 93760K, reserved 1179648K
  class space    used 12037K, committed 12480K, reserved 1048576K
GC Heap History (20 events):
Event: 21.476 GC heap before
{Heap before GC invocations=16 (full 0):
 garbage-first heap   total 86016K, used 75139K [0x0000000081400000, 0x0000000100000000)
  region size 1024K, 35 young (35840K), 5 survivors (5120K)
 Metaspace       used 77367K, committed 78208K, reserved 1179648K
  class space    used 10475K, committed 10880K, reserved 1048576K
}
Event: 21.495 GC heap after
{Heap after GC invocations=17 (full 0):
 garbage-first heap   total 86016K, used 48726K [0x0000000081400000, 0x0000000100000000)
  region size 1024K, 5 young (5120K), 5 survivors (5120K)
 Metaspace       used 77367K, committed 78208K, reserved 1179648K
  class space    used 10475K, committed 10880K, reserved 1048576K
}
Event: 27.493 GC heap before
{Heap before GC invocations=18 (full 0):
 garbage-first heap   total 86016K, used 75350K [0x0000000081400000, 0x0000000100000000)
  region size 1024K, 31 young (31744K), 5 survivors (5120K)
 Metaspace       used 83201K, committed 84160K, reserved 1179648K
  class space    used 11164K, committed 11584K, reserved 1048576K
}
Event: 27.506 GC heap after
{Heap after GC invocations=19 (full 0):
 garbage-first heap   total 86016K, used 50950K [0x0000000081400000, 0x0000000100000000)
  region size 1024K, 3 young (3072K), 3 survivors (3072K)
 Metaspace       used 83201K, committed 84160K, reserved 1179648K
  class space    used 11164K, committed 11584K, reserved 1048576K
}
Event: 31.000 GC heap before
{Heap before GC invocations=19 (full 0):
 garbage-first heap   total 86016K, used 75526K [0x0000000081400000, 0x0000000100000000)
  region size 1024K, 28 young (28672K), 3 survivors (3072K)
 Metaspace       used 89841K, committed 90816K, reserved 1179648K
  class space    used 11630K, committed 12096K, reserved 1048576K
}
Event: 31.014 GC heap after
{Heap after GC invocations=20 (full 0):
 garbage-first heap   total 86016K, used 51683K [0x0000000081400000, 0x0000000100000000)
  region size 1024K, 2 young (2048K), 2 survivors (2048K)
 Metaspace       used 89841K, committed 90816K, reserved 1179648K
  class space    used 11630K, committed 12096K, reserved 1048576K
}
Event: 166.459 GC heap before
{Heap before GC invocations=20 (full 0):
 garbage-first heap   total 86016K, used 76259K [0x0000000081400000, 0x0000000100000000)
  region size 1024K, 27 young (27648K), 2 survivors (2048K)
 Metaspace       used 92629K, committed 93568K, reserved 1179648K
  class space    used 12033K, committed 12480K, reserved 1048576K
}
Event: 166.466 GC heap after
{Heap after GC invocations=21 (full 0):
 garbage-first heap   total 86016K, used 52373K [0x0000000081400000, 0x0000000100000000)
  region size 1024K, 3 young (3072K), 3 survivors (3072K)
 Metaspace       used 92629K, committed 93568K, reserved 1179648K
  class space    used 12033K, committed 12480K, reserved 1048576K
}
Event: 402.916 GC heap before
{Heap before GC invocations=22 (full 0):
 garbage-first heap   total 89088K, used 76949K [0x0000000081400000, 0x0000000100000000)
  region size 1024K, 27 young (27648K), 3 survivors (3072K)
 Metaspace       used 92717K, committed 93696K, reserved 1179648K
  class space    used 12033K, committed 12480K, reserved 1048576K
}
Event: 402.930 GC heap after
{Heap after GC invocations=23 (full 0):
 garbage-first heap   total 89088K, used 52509K [0x0000000081400000, 0x0000000100000000)
  region size 1024K, 1 young (1024K), 1 survivors (1024K)
 Metaspace       used 92717K, committed 93696K, reserved 1179648K
  class space    used 12033K, committed 12480K, reserved 1048576K
}
Event: 482.623 GC heap before
{Heap before GC invocations=23 (full 0):
 garbage-first heap   total 89088K, used 82205K [0x0000000081400000, 0x0000000100000000)
  region size 1024K, 30 young (30720K), 1 survivors (1024K)
 Metaspace       used 92746K, committed 93696K, reserved 1179648K
  class space    used 12033K, committed 12480K, reserved 1048576K
}
Event: 482.635 GC heap after
{Heap after GC invocations=24 (full 0):
 garbage-first heap   total 89088K, used 51796K [0x0000000081400000, 0x0000000100000000)
  region size 1024K, 1 young (1024K), 1 survivors (1024K)
 Metaspace       used 92746K, committed 93696K, reserved 1179648K
  class space    used 12033K, committed 12480K, reserved 1048576K
}
Event: 513.729 GC heap before
{Heap before GC invocations=24 (full 0):
 garbage-first heap   total 89088K, used 82516K [0x0000000081400000, 0x0000000100000000)
  region size 1024K, 31 young (31744K), 1 survivors (1024K)
 Metaspace       used 92762K, committed 93760K, reserved 1179648K
  class space    used 12034K, committed 12480K, reserved 1048576K
}
Event: 513.733 GC heap after
{Heap after GC invocations=25 (full 0):
 garbage-first heap   total 89088K, used 51821K [0x0000000081400000, 0x0000000100000000)
  region size 1024K, 1 young (1024K), 1 survivors (1024K)
 Metaspace       used 92762K, committed 93760K, reserved 1179648K
  class space    used 12034K, committed 12480K, reserved 1048576K
}
Event: 539.285 GC heap before
{Heap before GC invocations=26 (full 0):
 garbage-first heap   total 89088K, used 82541K [0x0000000081400000, 0x0000000100000000)
  region size 1024K, 31 young (31744K), 1 survivors (1024K)
 Metaspace       used 92784K, committed 93760K, reserved 1179648K
  class space    used 12034K, committed 12480K, reserved 1048576K
}
Event: 539.293 GC heap after
{Heap after GC invocations=27 (full 0):
 garbage-first heap   total 89088K, used 51838K [0x0000000081400000, 0x0000000100000000)
  region size 1024K, 1 young (1024K), 1 survivors (1024K)
 Metaspace       used 92784K, committed 93760K, reserved 1179648K
  class space    used 12034K, committed 12480K, reserved 1048576K
}
Event: 564.755 GC heap before
{Heap before GC invocations=27 (full 0):
 garbage-first heap   total 89088K, used 82558K [0x0000000081400000, 0x0000000100000000)
  region size 1024K, 31 young (31744K), 1 survivors (1024K)
 Metaspace       used 92792K, committed 93760K, reserved 1179648K
  class space    used 12034K, committed 12480K, reserved 1048576K
}
Event: 564.777 GC heap after
{Heap after GC invocations=28 (full 0):
 garbage-first heap   total 89088K, used 51190K [0x0000000081400000, 0x0000000100000000)
  region size 1024K, 1 young (1024K), 1 survivors (1024K)
 Metaspace       used 92792K, committed 93760K, reserved 1179648K
  class space    used 12034K, committed 12480K, reserved 1048576K
}
Event: 576.101 GC heap before
{Heap before GC invocations=28 (full 0):
 garbage-first heap   total 89088K, used 81910K [0x0000000081400000, 0x0000000100000000)
  region size 1024K, 31 young (31744K), 1 survivors (1024K)
 Metaspace       used 92807K, committed 93760K, reserved 1179648K
  class space    used 12037K, committed 12480K, reserved 1048576K
}
Event: 576.106 GC heap after
{Heap after GC invocations=29 (full 0):
 garbage-first heap   total 89088K, used 51311K [0x0000000081400000, 0x0000000100000000)
  region size 1024K, 1 young (1024K), 1 survivors (1024K)
 Metaspace       used 92807K, committed 93760K, reserved 1179648K
  class space    used 12037K, committed 12480K, reserved 1048576K
}

