# JRE version: OpenJDK Runtime Environment Temurin-21.0.7+6 (21.0.7+6) (build 21.0.7+6-LTS)
# Java VM: OpenJDK 64-Bit Server VM Temurin-21.0.7+6 (21.0.7+6-LTS, mixed mode, sharing, tiered, compressed oops, compressed class ptrs, g1 gc, windows-amd64)
GC Precious Log:
 CardTable entry size: 512
 Card Set container configuration: InlinePtr #cards 5 size 8 Array Of Cards #cards 12 size 40 Howl #buckets 4 coarsen threshold 1843 Howl Bitmap #cards 512 size 80 coarsen threshold 460 Card regions per heap region 1 cards per card region 2048
 CPUs: 4 total, 4 available
 Memory: 8108M
 Large Page Support: Disabled
 NUMA Support: Disabled
 Compressed Oops: Enabled (32-bit)
 Heap Region Size: 1M
 Heap Min Capacity: 8M
 Heap Initial Capacity: 128M
 Heap Max Capacity: 2028M
 Pre-touch: Disabled
 Parallel Workers: 4
 Concurrent Workers: 1
 Concurrent Refinement Workers: 4
 Periodic GC: Disabled
Heap:
 garbage-first heap   total 87040K, used 66453K [0x0000000081400000, 0x0000000100000000)
  region size 1024K, 17 young (17408K), 2 survivors (2048K)
 Metaspace       used 92728K, committed 93696K, reserved 1179648K
  class space    used 12044K, committed 12480K, reserved 1048576K
GC Heap History (20 events):
Event: 36.268 GC heap before
{Heap before GC invocations=14 (full 0):
 garbage-first heap   total 68608K, used 59342K [0x0000000081400000, 0x0000000100000000)
  region size 1024K, 28 young (28672K), 4 survivors (4096K)
 Metaspace       used 62354K, committed 62976K, reserved 1114112K
  class space    used 8351K, committed 8640K, reserved 1048576K
}
Event: 36.278 GC heap after
{Heap after GC invocations=15 (full 0):
 garbage-first heap   total 68608K, used 37060K [0x0000000081400000, 0x0000000100000000)
  region size 1024K, 2 young (2048K), 2 survivors (2048K)
 Metaspace       used 62354K, committed 62976K, reserved 1114112K
  class space    used 8351K, committed 8640K, reserved 1048576K
}
Event: 39.608 GC heap before
{Heap before GC invocations=15 (full 0):
 garbage-first heap   total 68608K, used 60612K [0x0000000081400000, 0x0000000100000000)
  region size 1024K, 26 young (26624K), 2 survivors (2048K)
 Metaspace       used 68008K, committed 68672K, reserved 1114112K
  class space    used 9102K, committed 9408K, reserved 1048576K
}
Event: 39.616 GC heap after
{Heap after GC invocations=16 (full 0):
 garbage-first heap   total 68608K, used 38683K [0x0000000081400000, 0x0000000100000000)
  region size 1024K, 4 young (4096K), 4 survivors (4096K)
 Metaspace       used 68008K, committed 68672K, reserved 1114112K
  class space    used 9102K, committed 9408K, reserved 1048576K
}
Event: 41.024 GC heap before
{Heap before GC invocations=16 (full 0):
 garbage-first heap   total 68608K, used 59163K [0x0000000081400000, 0x0000000100000000)
  region size 1024K, 24 young (24576K), 4 survivors (4096K)
 Metaspace       used 70529K, committed 71232K, reserved 1114112K
  class space    used 9459K, committed 9792K, reserved 1048576K
}
Event: 41.039 GC heap after
{Heap after GC invocations=17 (full 0):
 garbage-first heap   total 68608K, used 41078K [0x0000000081400000, 0x0000000100000000)
  region size 1024K, 3 young (3072K), 3 survivors (3072K)
 Metaspace       used 70529K, committed 71232K, reserved 1114112K
  class space    used 9459K, committed 9792K, reserved 1048576K
}
Event: 42.283 GC heap before
{Heap before GC invocations=18 (full 0):
 garbage-first heap   total 70656K, used 60534K [0x0000000081400000, 0x0000000100000000)
  region size 1024K, 22 young (22528K), 3 survivors (3072K)
 Metaspace       used 72581K, committed 73344K, reserved 1114112K
  class space    used 9831K, committed 10176K, reserved 1048576K
}
Event: 42.294 GC heap after
{Heap after GC invocations=19 (full 0):
 garbage-first heap   total 70656K, used 43351K [0x0000000081400000, 0x0000000100000000)
  region size 1024K, 3 young (3072K), 3 survivors (3072K)
 Metaspace       used 72581K, committed 73344K, reserved 1114112K
  class space    used 9831K, committed 10176K, reserved 1048576K
}
Event: 43.780 GC heap before
{Heap before GC invocations=19 (full 0):
 garbage-first heap   total 70656K, used 61783K [0x0000000081400000, 0x0000000100000000)
  region size 1024K, 22 young (22528K), 3 survivors (3072K)
 Metaspace       used 76156K, committed 76992K, reserved 1179648K
  class space    used 10334K, committed 10688K, reserved 1048576K
}
Event: 43.792 GC heap after
{Heap after GC invocations=20 (full 0):
 garbage-first heap   total 70656K, used 46270K [0x0000000081400000, 0x0000000100000000)
  region size 1024K, 3 young (3072K), 3 survivors (3072K)
 Metaspace       used 76156K, committed 76992K, reserved 1179648K
  class space    used 10334K, committed 10688K, reserved 1048576K
}
Event: 47.727 GC heap before
{Heap before GC invocations=20 (full 0):
 garbage-first heap   total 70656K, used 62654K [0x0000000081400000, 0x0000000100000000)
  region size 1024K, 19 young (19456K), 3 survivors (3072K)
 Metaspace       used 78472K, committed 79424K, reserved 1179648K
  class space    used 10650K, committed 11072K, reserved 1048576K
}
Event: 47.738 GC heap after
{Heap after GC invocations=21 (full 0):
 garbage-first heap   total 70656K, used 48577K [0x0000000081400000, 0x0000000100000000)
  region size 1024K, 3 young (3072K), 3 survivors (3072K)
 Metaspace       used 78472K, committed 79424K, reserved 1179648K
  class space    used 10650K, committed 11072K, reserved 1048576K
}
Event: 49.260 GC heap before
{Heap before GC invocations=22 (full 0):
 garbage-first heap   total 81920K, used 61889K [0x0000000081400000, 0x0000000100000000)
  region size 1024K, 17 young (17408K), 3 survivors (3072K)
 Metaspace       used 82197K, committed 83072K, reserved 1179648K
  class space    used 11065K, committed 11456K, reserved 1048576K
}
Event: 49.268 GC heap after
{Heap after GC invocations=23 (full 0):
 garbage-first heap   total 81920K, used 50263K [0x0000000081400000, 0x0000000100000000)
  region size 1024K, 2 young (2048K), 2 survivors (2048K)
 Metaspace       used 82197K, committed 83072K, reserved 1179648K
  class space    used 11065K, committed 11456K, reserved 1048576K
}
Event: 50.477 GC heap before
{Heap before GC invocations=23 (full 0):
 garbage-first heap   total 81920K, used 71767K [0x0000000081400000, 0x0000000100000000)
  region size 1024K, 24 young (24576K), 2 survivors (2048K)
 Metaspace       used 87600K, committed 88512K, reserved 1179648K
  class space    used 11465K, committed 11904K, reserved 1048576K
}
Event: 50.486 GC heap after
{Heap after GC invocations=24 (full 0):
 garbage-first heap   total 81920K, used 50805K [0x0000000081400000, 0x0000000100000000)
  region size 1024K, 3 young (3072K), 3 survivors (3072K)
 Metaspace       used 87600K, committed 88512K, reserved 1179648K
  class space    used 11465K, committed 11904K, reserved 1048576K
}
Event: 78.646 GC heap before
{Heap before GC invocations=24 (full 0):
 garbage-first heap   total 81920K, used 72309K [0x0000000081400000, 0x0000000100000000)
  region size 1024K, 25 young (25600K), 3 survivors (3072K)
 Metaspace       used 92289K, committed 93248K, reserved 1179648K
  class space    used 12043K, committed 12480K, reserved 1048576K
}
Event: 78.660 GC heap after
{Heap after GC invocations=25 (full 0):
 garbage-first heap   total 81920K, used 51978K [0x0000000081400000, 0x0000000100000000)
  region size 1024K, 3 young (3072K), 3 survivors (3072K)
 Metaspace       used 92289K, committed 93248K, reserved 1179648K
  class space    used 12043K, committed 12480K, reserved 1048576K
}
Event: 280.345 GC heap before
{Heap before GC invocations=26 (full 0):
 garbage-first heap   total 87040K, used 73482K [0x0000000081400000, 0x0000000100000000)
  region size 1024K, 24 young (24576K), 3 survivors (3072K)
 Metaspace       used 92663K, committed 93632K, reserved 1179648K
  class space    used 12044K, committed 12480K, reserved 1048576K
}
Event: 280.352 GC heap after
{Heap after GC invocations=27 (full 0):
 garbage-first heap   total 87040K, used 52117K [0x0000000081400000, 0x0000000100000000)
  region size 1024K, 2 young (2048K), 2 survivors (2048K)
 Metaspace       used 92663K, committed 93632K, reserved 1179648K
  class space    used 12044K, committed 12480K, reserved 1048576K
}

