# JRE version: OpenJDK Runtime Environment Temurin-21.0.7+6 (21.0.7+6) (build 21.0.7+6-LTS)
# Java VM: OpenJDK 64-Bit Server VM Temurin-21.0.7+6 (21.0.7+6-LTS, mixed mode, sharing, tiered, compressed oops, compressed class ptrs, g1 gc, windows-amd64)
GC Precious Log:
 CardTable entry size: 512
 Card Set container configuration: InlinePtr #cards 5 size 8 Array Of Cards #cards 12 size 40 Howl #buckets 4 coarsen threshold 1843 Howl Bitmap #cards 512 size 80 coarsen threshold 460 Card regions per heap region 1 cards per card region 2048
 CPUs: 4 total, 4 available
 Memory: 8108M
 Large Page Support: Disabled
 NUMA Support: Disabled
 Compressed Oops: Enabled (32-bit)
 Heap Region Size: 1M
 Heap Min Capacity: 8M
 Heap Initial Capacity: 128M
 Heap Max Capacity: 2028M
 Pre-touch: Disabled
 Parallel Workers: 4
 Concurrent Workers: 1
 Concurrent Refinement Workers: 4
 Periodic GC: Disabled
Heap:
 garbage-first heap   total 103424K, used 60618K [0x0000000081400000, 0x0000000100000000)
  region size 1024K, 6 young (6144K), 3 survivors (3072K)
 Metaspace       used 99851K, committed 100928K, reserved 1179648K
  class space    used 12935K, committed 13440K, reserved 1048576K
GC Heap History (20 events):
Event: 24.510 GC heap after
{Heap after GC invocations=22 (full 0):
 garbage-first heap   total 103424K, used 56988K [0x0000000081400000, 0x0000000100000000)
  region size 1024K, 2 young (2048K), 2 survivors (2048K)
 Metaspace       used 91166K, committed 92160K, reserved 1179648K
  class space    used 11891K, committed 12352K, reserved 1048576K
}
Event: 126.539 GC heap before
{Heap before GC invocations=23 (full 0):
 garbage-first heap   total 103424K, used 89756K [0x0000000081400000, 0x0000000100000000)
  region size 1024K, 35 young (35840K), 2 survivors (2048K)
 Metaspace       used 95369K, committed 96320K, reserved 1179648K
  class space    used 12419K, committed 12864K, reserved 1048576K
}
Event: 126.546 GC heap after
{Heap after GC invocations=24 (full 0):
 garbage-first heap   total 103424K, used 58145K [0x0000000081400000, 0x0000000100000000)
  region size 1024K, 3 young (3072K), 3 survivors (3072K)
 Metaspace       used 95369K, committed 96320K, reserved 1179648K
  class space    used 12419K, committed 12864K, reserved 1048576K
}
Event: 370.588 GC heap before
{Heap before GC invocations=24 (full 0):
 garbage-first heap   total 103424K, used 92961K [0x0000000081400000, 0x0000000100000000)
  region size 1024K, 37 young (37888K), 3 survivors (3072K)
 Metaspace       used 95550K, committed 96576K, reserved 1179648K
  class space    used 12419K, committed 12864K, reserved 1048576K
}
Event: 370.597 GC heap after
{Heap after GC invocations=25 (full 0):
 garbage-first heap   total 103424K, used 57336K [0x0000000081400000, 0x0000000100000000)
  region size 1024K, 3 young (3072K), 3 survivors (3072K)
 Metaspace       used 95550K, committed 96576K, reserved 1179648K
  class space    used 12419K, committed 12864K, reserved 1048576K
}
Event: 563.327 GC heap before
{Heap before GC invocations=25 (full 0):
 garbage-first heap   total 103424K, used 93176K [0x0000000081400000, 0x0000000100000000)
  region size 1024K, 38 young (38912K), 3 survivors (3072K)
 Metaspace       used 95607K, committed 96576K, reserved 1179648K
  class space    used 12420K, committed 12864K, reserved 1048576K
}
Event: 563.335 GC heap after
{Heap after GC invocations=26 (full 0):
 garbage-first heap   total 103424K, used 57239K [0x0000000081400000, 0x0000000100000000)
  region size 1024K, 3 young (3072K), 3 survivors (3072K)
 Metaspace       used 95607K, committed 96576K, reserved 1179648K
  class space    used 12420K, committed 12864K, reserved 1048576K
}
Event: 818.338 GC heap before
{Heap before GC invocations=27 (full 0):
 garbage-first heap   total 103424K, used 93079K [0x0000000081400000, 0x0000000100000000)
  region size 1024K, 38 young (38912K), 3 survivors (3072K)
 Metaspace       used 95738K, committed 96768K, reserved 1179648K
  class space    used 12424K, committed 12864K, reserved 1048576K
}
Event: 818.345 GC heap after
{Heap after GC invocations=28 (full 0):
 garbage-first heap   total 103424K, used 57268K [0x0000000081400000, 0x0000000100000000)
  region size 1024K, 3 young (3072K), 3 survivors (3072K)
 Metaspace       used 95738K, committed 96768K, reserved 1179648K
  class space    used 12424K, committed 12864K, reserved 1048576K
}
Event: 1085.745 GC heap before
{Heap before GC invocations=28 (full 0):
 garbage-first heap   total 103424K, used 93108K [0x0000000081400000, 0x0000000100000000)
  region size 1024K, 38 young (38912K), 3 survivors (3072K)
 Metaspace       used 95859K, committed 96832K, reserved 1179648K
  class space    used 12424K, committed 12864K, reserved 1048576K
}
Event: 1085.784 GC heap after
{Heap after GC invocations=29 (full 0):
 garbage-first heap   total 103424K, used 56779K [0x0000000081400000, 0x0000000100000000)
  region size 1024K, 3 young (3072K), 3 survivors (3072K)
 Metaspace       used 95859K, committed 96832K, reserved 1179648K
  class space    used 12424K, committed 12864K, reserved 1048576K
}
Event: 1372.824 GC heap before
{Heap before GC invocations=29 (full 0):
 garbage-first heap   total 103424K, used 93643K [0x0000000081400000, 0x0000000100000000)
  region size 1024K, 39 young (39936K), 3 survivors (3072K)
 Metaspace       used 95938K, committed 96960K, reserved 1179648K
  class space    used 12424K, committed 12864K, reserved 1048576K
}
Event: 1372.937 GC heap after
{Heap after GC invocations=30 (full 0):
 garbage-first heap   total 103424K, used 56943K [0x0000000081400000, 0x0000000100000000)
  region size 1024K, 2 young (2048K), 2 survivors (2048K)
 Metaspace       used 95938K, committed 96960K, reserved 1179648K
  class space    used 12424K, committed 12864K, reserved 1048576K
}
Event: 1485.239 GC heap before
{Heap before GC invocations=31 (full 0):
 garbage-first heap   total 103424K, used 92783K [0x0000000081400000, 0x0000000100000000)
  region size 1024K, 38 young (38912K), 2 survivors (2048K)
 Metaspace       used 98272K, committed 99264K, reserved 1179648K
  class space    used 12739K, committed 13184K, reserved 1048576K
}
Event: 1485.245 GC heap after
{Heap after GC invocations=32 (full 0):
 garbage-first heap   total 103424K, used 57564K [0x0000000081400000, 0x0000000100000000)
  region size 1024K, 3 young (3072K), 3 survivors (3072K)
 Metaspace       used 98272K, committed 99264K, reserved 1179648K
  class space    used 12739K, committed 13184K, reserved 1048576K
}
Event: 1693.523 GC heap before
{Heap before GC invocations=32 (full 0):
 garbage-first heap   total 103424K, used 92380K [0x0000000081400000, 0x0000000100000000)
  region size 1024K, 37 young (37888K), 3 survivors (3072K)
 Metaspace       used 99553K, committed 100672K, reserved 1179648K
  class space    used 12883K, committed 13376K, reserved 1048576K
}
Event: 1693.628 GC heap after
{Heap after GC invocations=33 (full 0):
 garbage-first heap   total 103424K, used 58121K [0x0000000081400000, 0x0000000100000000)
  region size 1024K, 4 young (4096K), 4 survivors (4096K)
 Metaspace       used 99553K, committed 100672K, reserved 1179648K
  class space    used 12883K, committed 13376K, reserved 1048576K
}
Event: 1939.738 GC heap before
{Heap before GC invocations=33 (full 0):
 garbage-first heap   total 103424K, used 91913K [0x0000000081400000, 0x0000000100000000)
  region size 1024K, 37 young (37888K), 4 survivors (4096K)
 Metaspace       used 99774K, committed 100800K, reserved 1179648K
  class space    used 12918K, committed 13376K, reserved 1048576K
}
Event: 1939.779 GC heap after
{Heap after GC invocations=34 (full 0):
 garbage-first heap   total 103424K, used 58570K [0x0000000081400000, 0x0000000100000000)
  region size 1024K, 3 young (3072K), 3 survivors (3072K)
 Metaspace       used 99774K, committed 100800K, reserved 1179648K
  class space    used 12918K, committed 13376K, reserved 1048576K
}
Event: 1944.818 GC heap before
{Heap before GC invocations=35 (full 0):
 garbage-first heap   total 103424K, used 60618K [0x0000000081400000, 0x0000000100000000)
  region size 1024K, 6 young (6144K), 3 survivors (3072K)
 Metaspace       used 99851K, committed 100928K, reserved 1179648K
  class space    used 12935K, committed 13440K, reserved 1048576K
}

