# JRE version: OpenJDK Runtime Environment Temurin-21.0.7+6 (21.0.7+6) (build 21.0.7+6-LTS)
# Java VM: OpenJDK 64-Bit Server VM Temurin-21.0.7+6 (21.0.7+6-LTS, mixed mode, sharing, tiered, compressed oops, compressed class ptrs, g1 gc, windows-amd64)
GC Precious Log:
 CardTable entry size: 512
 Card Set container configuration: InlinePtr #cards 5 size 8 Array Of Cards #cards 12 size 40 Howl #buckets 4 coarsen threshold 1843 Howl Bitmap #cards 512 size 80 coarsen threshold 460 Card regions per heap region 1 cards per card region 2048
 CPUs: 4 total, 4 available
 Memory: 8108M
 Large Page Support: Disabled
 NUMA Support: Disabled
 Compressed Oops: Enabled (32-bit)
 Heap Region Size: 1M
 Heap Min Capacity: 8M
 Heap Initial Capacity: 128M
 Heap Max Capacity: 2028M
 Pre-touch: Disabled
 Parallel Workers: 4
 Concurrent Workers: 1
 Concurrent Refinement Workers: 4
 Periodic GC: Disabled
Heap:
 garbage-first heap   total 86016K, used 51494K [0x0000000081400000, 0x0000000100000000)
  region size 1024K, 11 young (11264K), 3 survivors (3072K)
 Metaspace       used 65375K, committed 66624K, reserved 1114112K
  class space    used 8192K, committed 8704K, reserved 1048576K
GC Heap History (20 events):
Event: 11.208 GC heap before
{Heap before GC invocations=7 (full 0):
 garbage-first heap   total 71680K, used 56429K [0x0000000081400000, 0x0000000100000000)
  region size 1024K, 37 young (37888K), 4 survivors (4096K)
 Metaspace       used 30497K, committed 30976K, reserved 1114112K
  class space    used 3755K, committed 3968K, reserved 1048576K
}
Event: 11.233 GC heap after
{Heap after GC invocations=8 (full 0):
 garbage-first heap   total 71680K, used 24403K [0x0000000081400000, 0x0000000100000000)
  region size 1024K, 4 young (4096K), 4 survivors (4096K)
 Metaspace       used 30497K, committed 30976K, reserved 1114112K
  class space    used 3755K, committed 3968K, reserved 1048576K
}
Event: 12.401 GC heap before
{Heap before GC invocations=8 (full 0):
 garbage-first heap   total 71680K, used 57171K [0x0000000081400000, 0x0000000100000000)
  region size 1024K, 36 young (36864K), 4 survivors (4096K)
 Metaspace       used 34338K, committed 34880K, reserved 1114112K
  class space    used 4244K, committed 4480K, reserved 1048576K
}
Event: 12.419 GC heap after
{Heap after GC invocations=9 (full 0):
 garbage-first heap   total 71680K, used 26592K [0x0000000081400000, 0x0000000100000000)
  region size 1024K, 3 young (3072K), 3 survivors (3072K)
 Metaspace       used 34338K, committed 34880K, reserved 1114112K
  class space    used 4244K, committed 4480K, reserved 1048576K
}
Event: 12.626 GC heap before
{Heap before GC invocations=9 (full 0):
 garbage-first heap   total 71680K, used 31712K [0x0000000081400000, 0x0000000100000000)
  region size 1024K, 9 young (9216K), 3 survivors (3072K)
 Metaspace       used 35388K, committed 35968K, reserved 1114112K
  class space    used 4410K, committed 4672K, reserved 1048576K
}
Event: 12.634 GC heap after
{Heap after GC invocations=10 (full 0):
 garbage-first heap   total 71680K, used 26701K [0x0000000081400000, 0x0000000100000000)
  region size 1024K, 3 young (3072K), 3 survivors (3072K)
 Metaspace       used 35388K, committed 35968K, reserved 1114112K
  class space    used 4410K, committed 4672K, reserved 1048576K
}
Event: 13.811 GC heap before
{Heap before GC invocations=11 (full 0):
 garbage-first heap   total 71680K, used 59469K [0x0000000081400000, 0x0000000100000000)
  region size 1024K, 36 young (36864K), 3 survivors (3072K)
 Metaspace       used 40044K, committed 40576K, reserved 1114112K
  class space    used 5079K, committed 5312K, reserved 1048576K
}
Event: 13.827 GC heap after
{Heap after GC invocations=12 (full 0):
 garbage-first heap   total 71680K, used 31536K [0x0000000081400000, 0x0000000100000000)
  region size 1024K, 5 young (5120K), 5 survivors (5120K)
 Metaspace       used 40044K, committed 40576K, reserved 1114112K
  class space    used 5079K, committed 5312K, reserved 1048576K
}
Event: 15.346 GC heap before
{Heap before GC invocations=12 (full 0):
 garbage-first heap   total 71680K, used 60208K [0x0000000081400000, 0x0000000100000000)
  region size 1024K, 33 young (33792K), 5 survivors (5120K)
 Metaspace       used 45696K, committed 46272K, reserved 1114112K
  class space    used 5968K, committed 6208K, reserved 1048576K
}
Event: 15.364 GC heap after
{Heap after GC invocations=13 (full 0):
 garbage-first heap   total 86016K, used 35148K [0x0000000081400000, 0x0000000100000000)
  region size 1024K, 4 young (4096K), 4 survivors (4096K)
 Metaspace       used 45696K, committed 46272K, reserved 1114112K
  class space    used 5968K, committed 6208K, reserved 1048576K
}
Event: 17.249 GC heap before
{Heap before GC invocations=13 (full 0):
 garbage-first heap   total 86016K, used 72012K [0x0000000081400000, 0x0000000100000000)
  region size 1024K, 41 young (41984K), 4 survivors (4096K)
 Metaspace       used 51980K, committed 52736K, reserved 1114112K
  class space    used 6804K, committed 7168K, reserved 1048576K
}
Event: 17.264 GC heap after
{Heap after GC invocations=14 (full 0):
 garbage-first heap   total 86016K, used 40556K [0x0000000081400000, 0x0000000100000000)
  region size 1024K, 6 young (6144K), 6 survivors (6144K)
 Metaspace       used 51980K, committed 52736K, reserved 1114112K
  class space    used 6804K, committed 7168K, reserved 1048576K
}
Event: 80.370 GC heap before
{Heap before GC invocations=14 (full 0):
 garbage-first heap   total 86016K, used 70252K [0x0000000081400000, 0x0000000100000000)
  region size 1024K, 37 young (37888K), 6 survivors (6144K)
 Metaspace       used 59619K, committed 60416K, reserved 1114112K
  class space    used 7804K, committed 8128K, reserved 1048576K
}
Event: 80.383 GC heap after
{Heap after GC invocations=15 (full 0):
 garbage-first heap   total 86016K, used 42817K [0x0000000081400000, 0x0000000100000000)
  region size 1024K, 3 young (3072K), 3 survivors (3072K)
 Metaspace       used 59619K, committed 60416K, reserved 1114112K
  class space    used 7804K, committed 8128K, reserved 1048576K
}
Event: 677.972 GC heap before
{Heap before GC invocations=16 (full 0):
 garbage-first heap   total 86016K, used 73537K [0x0000000081400000, 0x0000000100000000)
  region size 1024K, 34 young (34816K), 3 survivors (3072K)
 Metaspace       used 63797K, committed 64640K, reserved 1114112K
  class space    used 8264K, committed 8640K, reserved 1048576K
}
Event: 677.981 GC heap after
{Heap after GC invocations=17 (full 0):
 garbage-first heap   total 86016K, used 44950K [0x0000000081400000, 0x0000000100000000)
  region size 1024K, 5 young (5120K), 5 survivors (5120K)
 Metaspace       used 63797K, committed 64640K, reserved 1114112K
  class space    used 8264K, committed 8640K, reserved 1048576K
}
Event: 1280.896 GC heap before
{Heap before GC invocations=17 (full 0):
 garbage-first heap   total 86016K, used 73622K [0x0000000081400000, 0x0000000100000000)
  region size 1024K, 34 young (34816K), 5 survivors (5120K)
 Metaspace       used 65154K, committed 66048K, reserved 1114112K
  class space    used 8299K, committed 8704K, reserved 1048576K
}
Event: 1281.202 GC heap after
{Heap after GC invocations=18 (full 0):
 garbage-first heap   total 86016K, used 44390K [0x0000000081400000, 0x0000000100000000)
  region size 1024K, 3 young (3072K), 3 survivors (3072K)
 Metaspace       used 65154K, committed 66048K, reserved 1114112K
  class space    used 8299K, committed 8704K, reserved 1048576K
}
Event: 2103.506 GC heap before
{Heap before GC invocations=18 (full 0):
 garbage-first heap   total 86016K, used 77158K [0x0000000081400000, 0x0000000100000000)
  region size 1024K, 35 young (35840K), 3 survivors (3072K)
 Metaspace       used 65714K, committed 66624K, reserved 1114112K
  class space    used 8303K, committed 8704K, reserved 1048576K
}
Event: 2103.998 GC heap after
{Heap after GC invocations=19 (full 0):
 garbage-first heap   total 86016K, used 44326K [0x0000000081400000, 0x0000000100000000)
  region size 1024K, 3 young (3072K), 3 survivors (3072K)
 Metaspace       used 65714K, committed 66624K, reserved 1114112K
  class space    used 8303K, committed 8704K, reserved 1048576K
}

