# JRE version: OpenJDK Runtime Environment Temurin-21.0.7+6 (21.0.7+6) (build 21.0.7+6-LTS)
# Java VM: OpenJDK 64-Bit Server VM Temurin-21.0.7+6 (21.0.7+6-LTS, mixed mode, sharing, tiered, compressed oops, compressed class ptrs, g1 gc, windows-amd64)
GC Precious Log:
 CardTable entry size: 512
 Card Set container configuration: InlinePtr #cards 5 size 8 Array Of Cards #cards 12 size 40 Howl #buckets 4 coarsen threshold 1843 Howl Bitmap #cards 512 size 80 coarsen threshold 460 Card regions per heap region 1 cards per card region 2048
 CPUs: 4 total, 4 available
 Memory: 8108M
 Large Page Support: Disabled
 NUMA Support: Disabled
 Compressed Oops: Enabled (32-bit)
 Heap Region Size: 1M
 Heap Min Capacity: 8M
 Heap Initial Capacity: 128M
 Heap Max Capacity: 2028M
 Pre-touch: Disabled
 Parallel Workers: 4
 Concurrent Workers: 1
 Concurrent Refinement Workers: 4
 Periodic GC: Disabled
Heap:
 garbage-first heap   total 61440K, used 34567K [0x0000000081400000, 0x0000000100000000)
  region size 1024K, 14 young (14336K), 4 survivors (4096K)
 Metaspace       used 31219K, committed 31680K, reserved 1114112K
  class space    used 3920K, committed 4160K, reserved 1048576K
GC Heap History (18 events):
Event: 3.424 GC heap before
{Heap before GC invocations=0 (full 0):
 garbage-first heap   total 131072K, used 14336K [0x0000000081400000, 0x0000000100000000)
  region size 1024K, 13 young (13312K), 0 survivors (0K)
 Metaspace       used 2098K, committed 2304K, reserved 1114112K
  class space    used 195K, committed 320K, reserved 1048576K
}
Event: 3.564 GC heap after
{Heap after GC invocations=1 (full 0):
 garbage-first heap   total 131072K, used 7082K [0x0000000081400000, 0x0000000100000000)
  region size 1024K, 2 young (2048K), 2 survivors (2048K)
 Metaspace       used 2098K, committed 2304K, reserved 1114112K
  class space    used 195K, committed 320K, reserved 1048576K
}
Event: 4.178 GC heap before
{Heap before GC invocations=1 (full 0):
 garbage-first heap   total 131072K, used 21418K [0x0000000081400000, 0x0000000100000000)
  region size 1024K, 12 young (12288K), 2 survivors (2048K)
 Metaspace       used 2806K, committed 2944K, reserved 1114112K
  class space    used 277K, committed 320K, reserved 1048576K
}
Event: 4.188 GC heap after
{Heap after GC invocations=2 (full 0):
 garbage-first heap   total 131072K, used 14429K [0x0000000081400000, 0x0000000100000000)
  region size 1024K, 2 young (2048K), 2 survivors (2048K)
 Metaspace       used 2806K, committed 2944K, reserved 1114112K
  class space    used 277K, committed 320K, reserved 1048576K
}
Event: 10.690 GC heap before
{Heap before GC invocations=2 (full 0):
 garbage-first heap   total 131072K, used 37981K [0x0000000081400000, 0x0000000100000000)
  region size 1024K, 25 young (25600K), 2 survivors (2048K)
 Metaspace       used 7255K, committed 7424K, reserved 1114112K
  class space    used 813K, committed 896K, reserved 1048576K
}
Event: 10.698 GC heap after
{Heap after GC invocations=3 (full 0):
 garbage-first heap   total 131072K, used 13351K [0x0000000081400000, 0x0000000100000000)
  region size 1024K, 3 young (3072K), 3 survivors (3072K)
 Metaspace       used 7255K, committed 7424K, reserved 1114112K
  class space    used 813K, committed 896K, reserved 1048576K
}
Event: 14.965 GC heap before
{Heap before GC invocations=3 (full 0):
 garbage-first heap   total 131072K, used 48167K [0x0000000081400000, 0x0000000100000000)
  region size 1024K, 38 young (38912K), 3 survivors (3072K)
 Metaspace       used 17428K, committed 17856K, reserved 1114112K
  class space    used 2040K, committed 2240K, reserved 1048576K
}
Event: 14.977 GC heap after
{Heap after GC invocations=4 (full 0):
 garbage-first heap   total 131072K, used 16317K [0x0000000081400000, 0x0000000100000000)
  region size 1024K, 5 young (5120K), 5 survivors (5120K)
 Metaspace       used 17428K, committed 17856K, reserved 1114112K
  class space    used 2040K, committed 2240K, reserved 1048576K
}
Event: 16.230 GC heap before
{Heap before GC invocations=4 (full 0):
 garbage-first heap   total 131072K, used 31677K [0x0000000081400000, 0x0000000100000000)
  region size 1024K, 22 young (22528K), 5 survivors (5120K)
 Metaspace       used 21132K, committed 21504K, reserved 1114112K
  class space    used 2571K, committed 2752K, reserved 1048576K
}
Event: 16.240 GC heap after
{Heap after GC invocations=5 (full 0):
 garbage-first heap   total 131072K, used 17341K [0x0000000081400000, 0x0000000100000000)
  region size 1024K, 6 young (6144K), 6 survivors (6144K)
 Metaspace       used 21132K, committed 21504K, reserved 1114112K
  class space    used 2571K, committed 2752K, reserved 1048576K
}
Event: 17.437 GC heap before
{Heap before GC invocations=6 (full 0):
 garbage-first heap   total 55296K, used 50109K [0x0000000081400000, 0x0000000100000000)
  region size 1024K, 32 young (32768K), 6 survivors (6144K)
 Metaspace       used 23093K, committed 23488K, reserved 1114112K
  class space    used 2890K, committed 3072K, reserved 1048576K
}
Event: 17.453 GC heap after
{Heap after GC invocations=7 (full 0):
 garbage-first heap   total 61440K, used 19532K [0x0000000081400000, 0x0000000100000000)
  region size 1024K, 4 young (4096K), 4 survivors (4096K)
 Metaspace       used 23093K, committed 23488K, reserved 1114112K
  class space    used 2890K, committed 3072K, reserved 1048576K
}
Event: 20.855 GC heap before
{Heap before GC invocations=7 (full 0):
 garbage-first heap   total 61440K, used 46156K [0x0000000081400000, 0x0000000100000000)
  region size 1024K, 31 young (31744K), 4 survivors (4096K)
 Metaspace       used 25960K, committed 26368K, reserved 1114112K
  class space    used 3210K, committed 3392K, reserved 1048576K
}
Event: 20.867 GC heap after
{Heap after GC invocations=8 (full 0):
 garbage-first heap   total 61440K, used 22097K [0x0000000081400000, 0x0000000100000000)
  region size 1024K, 3 young (3072K), 3 survivors (3072K)
 Metaspace       used 25960K, committed 26368K, reserved 1114112K
  class space    used 3210K, committed 3392K, reserved 1048576K
}
Event: 23.909 GC heap before
{Heap before GC invocations=8 (full 0):
 garbage-first heap   total 61440K, used 49745K [0x0000000081400000, 0x0000000100000000)
  region size 1024K, 30 young (30720K), 3 survivors (3072K)
 Metaspace       used 27404K, committed 27840K, reserved 1114112K
  class space    used 3389K, committed 3584K, reserved 1048576K
}
Event: 23.916 GC heap after
{Heap after GC invocations=9 (full 0):
 garbage-first heap   total 61440K, used 23587K [0x0000000081400000, 0x0000000100000000)
  region size 1024K, 3 young (3072K), 3 survivors (3072K)
 Metaspace       used 27404K, committed 27840K, reserved 1114112K
  class space    used 3389K, committed 3584K, reserved 1048576K
}
Event: 26.022 GC heap before
{Heap before GC invocations=9 (full 0):
 garbage-first heap   total 61440K, used 50211K [0x0000000081400000, 0x0000000100000000)
  region size 1024K, 29 young (29696K), 3 survivors (3072K)
 Metaspace       used 30065K, committed 30464K, reserved 1114112K
  class space    used 3770K, committed 3968K, reserved 1048576K
}
Event: 26.031 GC heap after
{Heap after GC invocations=10 (full 0):
 garbage-first heap   total 61440K, used 25351K [0x0000000081400000, 0x0000000100000000)
  region size 1024K, 4 young (4096K), 4 survivors (4096K)
 Metaspace       used 30065K, committed 30464K, reserved 1114112K
  class space    used 3770K, committed 3968K, reserved 1048576K
}

