# JRE version: OpenJDK Runtime Environment Temurin-21.0.7+6 (21.0.7+6) (build 21.0.7+6-LTS)
# Java VM: OpenJDK 64-Bit Server VM Temurin-21.0.7+6 (21.0.7+6-LTS, mixed mode, sharing, tiered, compressed oops, compressed class ptrs, g1 gc, windows-amd64)
GC Precious Log:
 CardTable entry size: 512
 Card Set container configuration: InlinePtr #cards 5 size 8 Array Of Cards #cards 12 size 40 Howl #buckets 4 coarsen threshold 1843 Howl Bitmap #cards 512 size 80 coarsen threshold 460 Card regions per heap region 1 cards per card region 2048
 CPUs: 4 total, 4 available
 Memory: 8108M
 Large Page Support: Disabled
 NUMA Support: Disabled
 Compressed Oops: Enabled (32-bit)
 Heap Region Size: 1M
 Heap Min Capacity: 8M
 Heap Initial Capacity: 128M
 Heap Max Capacity: 2028M
 Pre-touch: Disabled
 Parallel Workers: 4
 Concurrent Workers: 1
 Concurrent Refinement Workers: 4
 Periodic GC: Disabled
Heap:
 garbage-first heap   total 77824K, used 43612K [0x0000000081400000, 0x0000000100000000)
  region size 1024K, 8 young (8192K), 3 survivors (3072K)
 Metaspace       used 60701K, committed 61568K, reserved 1114112K
  class space    used 8047K, committed 8448K, reserved 1048576K
GC Heap History (20 events):
Event: 9.711 GC heap before
{Heap before GC invocations=4 (full 0):
 garbage-first heap   total 131072K, used 26235K [0x0000000081400000, 0x0000000100000000)
  region size 1024K, 18 young (18432K), 5 survivors (5120K)
 Metaspace       used 21135K, committed 21504K, reserved 1114112K
  class space    used 2573K, committed 2752K, reserved 1048576K
}
Event: 9.724 GC heap after
{Heap after GC invocations=5 (full 0):
 garbage-first heap   total 131072K, used 16210K [0x0000000081400000, 0x0000000100000000)
  region size 1024K, 7 young (7168K), 7 survivors (7168K)
 Metaspace       used 21135K, committed 21504K, reserved 1114112K
  class space    used 2573K, committed 2752K, reserved 1048576K
}
Event: 11.215 GC heap before
{Heap before GC invocations=6 (full 0):
 garbage-first heap   total 58368K, used 51026K [0x0000000081400000, 0x0000000100000000)
  region size 1024K, 34 young (34816K), 7 survivors (7168K)
 Metaspace       used 23132K, committed 23488K, reserved 1114112K
  class space    used 2893K, committed 3072K, reserved 1048576K
}
Event: 11.231 GC heap after
{Heap after GC invocations=7 (full 0):
 garbage-first heap   total 63488K, used 19771K [0x0000000081400000, 0x0000000100000000)
  region size 1024K, 5 young (5120K), 5 survivors (5120K)
 Metaspace       used 23132K, committed 23488K, reserved 1114112K
  class space    used 2893K, committed 3072K, reserved 1048576K
}
Event: 16.046 GC heap before
{Heap before GC invocations=7 (full 0):
 garbage-first heap   total 63488K, used 48443K [0x0000000081400000, 0x0000000100000000)
  region size 1024K, 34 young (34816K), 5 survivors (5120K)
 Metaspace       used 26189K, committed 26624K, reserved 1114112K
  class space    used 3232K, committed 3456K, reserved 1048576K
}
Event: 16.055 GC heap after
{Heap after GC invocations=8 (full 0):
 garbage-first heap   total 76800K, used 19636K [0x0000000081400000, 0x0000000100000000)
  region size 1024K, 3 young (3072K), 3 survivors (3072K)
 Metaspace       used 26189K, committed 26624K, reserved 1114112K
  class space    used 3232K, committed 3456K, reserved 1048576K
}
Event: 21.730 GC heap before
{Heap before GC invocations=8 (full 0):
 garbage-first heap   total 76800K, used 61620K [0x0000000081400000, 0x0000000100000000)
  region size 1024K, 44 young (45056K), 3 survivors (3072K)
 Metaspace       used 29502K, committed 29952K, reserved 1114112K
  class space    used 3678K, committed 3904K, reserved 1048576K
}
Event: 21.739 GC heap after
{Heap after GC invocations=9 (full 0):
 garbage-first heap   total 76800K, used 21684K [0x0000000081400000, 0x0000000100000000)
  region size 1024K, 5 young (5120K), 5 survivors (5120K)
 Metaspace       used 29502K, committed 29952K, reserved 1114112K
  class space    used 3678K, committed 3904K, reserved 1048576K
}
Event: 46.539 GC heap before
{Heap before GC invocations=9 (full 0):
 garbage-first heap   total 76800K, used 56500K [0x0000000081400000, 0x0000000100000000)
  region size 1024K, 40 young (40960K), 5 survivors (5120K)
 Metaspace       used 35556K, committed 35968K, reserved 1114112K
  class space    used 4572K, committed 4736K, reserved 1048576K
}
Event: 46.567 GC heap after
{Heap after GC invocations=10 (full 0):
 garbage-first heap   total 76800K, used 24276K [0x0000000081400000, 0x0000000100000000)
  region size 1024K, 6 young (6144K), 6 survivors (6144K)
 Metaspace       used 35556K, committed 35968K, reserved 1114112K
  class space    used 4572K, committed 4736K, reserved 1048576K
}
Event: 53.130 GC heap before
{Heap before GC invocations=11 (full 0):
 garbage-first heap   total 76800K, used 64212K [0x0000000081400000, 0x0000000100000000)
  region size 1024K, 45 young (46080K), 6 survivors (6144K)
 Metaspace       used 42235K, committed 42880K, reserved 1114112K
  class space    used 5553K, committed 5824K, reserved 1048576K
}
Event: 53.151 GC heap after
{Heap after GC invocations=12 (full 0):
 garbage-first heap   total 76800K, used 28572K [0x0000000081400000, 0x0000000100000000)
  region size 1024K, 6 young (6144K), 6 survivors (6144K)
 Metaspace       used 42235K, committed 42880K, reserved 1114112K
  class space    used 5553K, committed 5824K, reserved 1048576K
}
Event: 58.168 GC heap before
{Heap before GC invocations=12 (full 0):
 garbage-first heap   total 76800K, used 65436K [0x0000000081400000, 0x0000000100000000)
  region size 1024K, 42 young (43008K), 6 survivors (6144K)
 Metaspace       used 48491K, committed 49280K, reserved 1114112K
  class space    used 6423K, committed 6784K, reserved 1048576K
}
Event: 58.186 GC heap after
{Heap after GC invocations=13 (full 0):
 garbage-first heap   total 77824K, used 32978K [0x0000000081400000, 0x0000000100000000)
  region size 1024K, 5 young (5120K), 5 survivors (5120K)
 Metaspace       used 48491K, committed 49280K, reserved 1114112K
  class space    used 6423K, committed 6784K, reserved 1048576K
}
Event: 88.986 GC heap before
{Heap before GC invocations=13 (full 0):
 garbage-first heap   total 77824K, used 65746K [0x0000000081400000, 0x0000000100000000)
  region size 1024K, 37 young (37888K), 5 survivors (5120K)
 Metaspace       used 54331K, committed 55168K, reserved 1114112K
  class space    used 7228K, committed 7616K, reserved 1048576K
}
Event: 89.002 GC heap after
{Heap after GC invocations=14 (full 0):
 garbage-first heap   total 77824K, used 36797K [0x0000000081400000, 0x0000000100000000)
  region size 1024K, 5 young (5120K), 5 survivors (5120K)
 Metaspace       used 54331K, committed 55168K, reserved 1114112K
  class space    used 7228K, committed 7616K, reserved 1048576K
}
Event: 236.978 GC heap before
{Heap before GC invocations=14 (full 0):
 garbage-first heap   total 77824K, used 61373K [0x0000000081400000, 0x0000000100000000)
  region size 1024K, 31 young (31744K), 5 survivors (5120K)
 Metaspace       used 59211K, committed 60096K, reserved 1114112K
  class space    used 7930K, committed 8384K, reserved 1048576K
}
Event: 236.988 GC heap after
{Heap after GC invocations=15 (full 0):
 garbage-first heap   total 77824K, used 39371K [0x0000000081400000, 0x0000000100000000)
  region size 1024K, 3 young (3072K), 3 survivors (3072K)
 Metaspace       used 59211K, committed 60096K, reserved 1114112K
  class space    used 7930K, committed 8384K, reserved 1048576K
}
Event: 412.724 GC heap before
{Heap before GC invocations=16 (full 0):
 garbage-first heap   total 77824K, used 67019K [0x0000000081400000, 0x0000000100000000)
  region size 1024K, 31 young (31744K), 3 survivors (3072K)
 Metaspace       used 60602K, committed 61440K, reserved 1114112K
  class space    used 8047K, committed 8448K, reserved 1048576K
}
Event: 412.732 GC heap after
{Heap after GC invocations=17 (full 0):
 garbage-first heap   total 77824K, used 39516K [0x0000000081400000, 0x0000000100000000)
  region size 1024K, 3 young (3072K), 3 survivors (3072K)
 Metaspace       used 60602K, committed 61440K, reserved 1114112K
  class space    used 8047K, committed 8448K, reserved 1048576K
}

