# JRE version: OpenJDK Runtime Environment Temurin-21.0.7+6 (21.0.7+6) (build 21.0.7+6-LTS)
# Java VM: OpenJDK 64-Bit Server VM Temurin-21.0.7+6 (21.0.7+6-LTS, mixed mode, sharing, tiered, compressed oops, compressed class ptrs, g1 gc, windows-amd64)
GC Precious Log:
 CardTable entry size: 512
 Card Set container configuration: InlinePtr #cards 5 size 8 Array Of Cards #cards 12 size 40 Howl #buckets 4 coarsen threshold 1843 Howl Bitmap #cards 512 size 80 coarsen threshold 460 Card regions per heap region 1 cards per card region 2048
 CPUs: 4 total, 4 available
 Memory: 8108M
 Large Page Support: Disabled
 NUMA Support: Disabled
 Compressed Oops: Enabled (32-bit)
 Heap Region Size: 1M
 Heap Min Capacity: 8M
 Heap Initial Capacity: 128M
 Heap Max Capacity: 2028M
 Pre-touch: Disabled
 Parallel Workers: 4
 Concurrent Workers: 1
 Concurrent Refinement Workers: 4
 Periodic GC: Disabled
Heap:
 garbage-first heap   total 112640K, used 49050K [0x0000000081400000, 0x0000000100000000)
  region size 1024K, 3 young (3072K), 1 survivors (1024K)
 Metaspace       used 85344K, committed 86208K, reserved 1179648K
  class space    used 11596K, committed 11968K, reserved 1048576K
GC Heap History (20 events):
Event: 16.091 GC heap before
{Heap before GC invocations=12 (full 0):
 garbage-first heap   total 91136K, used 36181K [0x0000000081400000, 0x0000000100000000)
  region size 1024K, 5 young (5120K), 3 survivors (3072K)
 Metaspace       used 60042K, committed 60608K, reserved 1114112K
  class space    used 8053K, committed 8320K, reserved 1048576K
}
Event: 16.097 GC heap after
{Heap after GC invocations=13 (full 0):
 garbage-first heap   total 91136K, used 34815K [0x0000000081400000, 0x0000000100000000)
  region size 1024K, 3 young (3072K), 3 survivors (3072K)
 Metaspace       used 60042K, committed 60608K, reserved 1114112K
  class space    used 8053K, committed 8320K, reserved 1048576K
}
Event: 18.460 GC heap before
{Heap before GC invocations=14 (full 0):
 garbage-first heap   total 91136K, used 78847K [0x0000000081400000, 0x0000000100000000)
  region size 1024K, 46 young (47104K), 3 survivors (3072K)
 Metaspace       used 67515K, committed 68288K, reserved 1114112K
  class space    used 9121K, committed 9472K, reserved 1048576K
}
Event: 18.477 GC heap after
{Heap after GC invocations=15 (full 0):
 garbage-first heap   total 91136K, used 38974K [0x0000000081400000, 0x0000000100000000)
  region size 1024K, 6 young (6144K), 6 survivors (6144K)
 Metaspace       used 67515K, committed 68288K, reserved 1114112K
  class space    used 9121K, committed 9472K, reserved 1048576K
}
Event: 20.297 GC heap before
{Heap before GC invocations=15 (full 0):
 garbage-first heap   total 91136K, used 77886K [0x0000000081400000, 0x0000000100000000)
  region size 1024K, 45 young (46080K), 6 survivors (6144K)
 Metaspace       used 73835K, committed 74624K, reserved 1114112K
  class space    used 10051K, committed 10432K, reserved 1048576K
}
Event: 20.322 GC heap after
{Heap after GC invocations=16 (full 0):
 garbage-first heap   total 92160K, used 44792K [0x0000000081400000, 0x0000000100000000)
  region size 1024K, 6 young (6144K), 6 survivors (6144K)
 Metaspace       used 73835K, committed 74624K, reserved 1114112K
  class space    used 10051K, committed 10432K, reserved 1048576K
}
Event: 952.910 GC heap before
{Heap before GC invocations=16 (full 0):
 garbage-first heap   total 92160K, used 80632K [0x0000000081400000, 0x0000000100000000)
  region size 1024K, 41 young (41984K), 6 survivors (6144K)
 Metaspace       used 80699K, committed 81600K, reserved 1179648K
  class space    used 10900K, committed 11328K, reserved 1048576K
}
Event: 961.670 GC heap after
{Heap after GC invocations=17 (full 0):
 garbage-first heap   total 92160K, used 47573K [0x0000000081400000, 0x0000000100000000)
  region size 1024K, 5 young (5120K), 5 survivors (5120K)
 Metaspace       used 80699K, committed 81600K, reserved 1179648K
  class space    used 10900K, committed 11328K, reserved 1048576K
}
Event: 1023.137 GC heap before
{Heap before GC invocations=17 (full 0):
 garbage-first heap   total 92160K, used 48597K [0x0000000081400000, 0x0000000100000000)
  region size 1024K, 6 young (6144K), 5 survivors (5120K)
 Metaspace       used 80715K, committed 81664K, reserved 1179648K
  class space    used 10900K, committed 11328K, reserved 1048576K
}
Event: 1024.344 GC heap after
{Heap after GC invocations=18 (full 0):
 garbage-first heap   total 92160K, used 48543K [0x0000000081400000, 0x0000000100000000)
  region size 1024K, 1 young (1024K), 1 survivors (1024K)
 Metaspace       used 80715K, committed 81664K, reserved 1179648K
  class space    used 10900K, committed 11328K, reserved 1048576K
}
Event: 1190.323 GC heap before
{Heap before GC invocations=19 (full 0):
 garbage-first heap   total 92160K, used 50591K [0x0000000081400000, 0x0000000100000000)
  region size 1024K, 4 young (4096K), 1 survivors (1024K)
 Metaspace       used 81481K, committed 82368K, reserved 1179648K
  class space    used 11000K, committed 11392K, reserved 1048576K
}
Event: 1190.341 GC heap after
{Heap after GC invocations=20 (full 0):
 garbage-first heap   total 92160K, used 48041K [0x0000000081400000, 0x0000000100000000)
  region size 1024K, 1 young (1024K), 1 survivors (1024K)
 Metaspace       used 81481K, committed 82368K, reserved 1179648K
  class space    used 11000K, committed 11392K, reserved 1048576K
}
Event: 1193.713 GC heap before
{Heap before GC invocations=20 (full 0):
 garbage-first heap   total 92160K, used 51113K [0x0000000081400000, 0x0000000100000000)
  region size 1024K, 4 young (4096K), 1 survivors (1024K)
 Metaspace       used 82231K, committed 83072K, reserved 1179648K
  class space    used 11117K, committed 11520K, reserved 1048576K
}
Event: 1193.754 GC heap after
{Heap after GC invocations=21 (full 0):
 garbage-first heap   total 92160K, used 47976K [0x0000000081400000, 0x0000000100000000)
  region size 1024K, 1 young (1024K), 1 survivors (1024K)
 Metaspace       used 82231K, committed 83072K, reserved 1179648K
  class space    used 11117K, committed 11520K, reserved 1048576K
}
Event: 1196.195 GC heap before
{Heap before GC invocations=21 (full 0):
 garbage-first heap   total 92160K, used 50024K [0x0000000081400000, 0x0000000100000000)
  region size 1024K, 4 young (4096K), 1 survivors (1024K)
 Metaspace       used 83034K, committed 83904K, reserved 1179648K
  class space    used 11190K, committed 11584K, reserved 1048576K
}
Event: 1196.282 GC heap after
{Heap after GC invocations=22 (full 0):
 garbage-first heap   total 92160K, used 47674K [0x0000000081400000, 0x0000000100000000)
  region size 1024K, 1 young (1024K), 1 survivors (1024K)
 Metaspace       used 83034K, committed 83904K, reserved 1179648K
  class space    used 11190K, committed 11584K, reserved 1048576K
}
Event: 1197.807 GC heap before
{Heap before GC invocations=22 (full 0):
 garbage-first heap   total 92160K, used 49722K [0x0000000081400000, 0x0000000100000000)
  region size 1024K, 4 young (4096K), 1 survivors (1024K)
 Metaspace       used 83997K, committed 84928K, reserved 1179648K
  class space    used 11394K, committed 11776K, reserved 1048576K
}
Event: 1197.811 GC heap after
{Heap after GC invocations=23 (full 0):
 garbage-first heap   total 112640K, used 47826K [0x0000000081400000, 0x0000000100000000)
  region size 1024K, 1 young (1024K), 1 survivors (1024K)
 Metaspace       used 83997K, committed 84928K, reserved 1179648K
  class space    used 11394K, committed 11776K, reserved 1048576K
}
Event: 1201.013 GC heap before
{Heap before GC invocations=24 (full 0):
 garbage-first heap   total 112640K, used 50898K [0x0000000081400000, 0x0000000100000000)
  region size 1024K, 5 young (5120K), 1 survivors (1024K)
 Metaspace       used 85130K, committed 86016K, reserved 1179648K
  class space    used 11582K, committed 11968K, reserved 1048576K
}
Event: 1201.068 GC heap after
{Heap after GC invocations=25 (full 0):
 garbage-first heap   total 112640K, used 48026K [0x0000000081400000, 0x0000000100000000)
  region size 1024K, 1 young (1024K), 1 survivors (1024K)
 Metaspace       used 85130K, committed 86016K, reserved 1179648K
  class space    used 11582K, committed 11968K, reserved 1048576K
}

